Determining if the pthread_create exist failed with the following output:
Change Dir: /home/jiazhibo/pcl/pcl_rknn/build/CMakeFiles/CMakeTmp

Run Build Command:"/usr/bin/make" "cmTC_7b9cc/fast"
/usr/bin/make -f CMakeFiles/cmTC_7b9cc.dir/build.make CMakeFiles/cmTC_7b9cc.dir/build
make[1]: 进入目录“/home/jiazhibo/pcl/pcl_rknn/build/CMakeFiles/CMakeTmp”
Building C object CMakeFiles/cmTC_7b9cc.dir/CheckSymbolExists.c.o
/usr/bin/cc    -o CMakeFiles/cmTC_7b9cc.dir/CheckSymbolExists.c.o   -c /home/jiazhibo/pcl/pcl_rknn/build/CMakeFiles/CMakeTmp/CheckSymbolExists.c
Linking C executable cmTC_7b9cc
/usr/bin/cmake -E cmake_link_script CMakeFiles/cmTC_7b9cc.dir/link.txt --verbose=1
/usr/bin/cc      -rdynamic CMakeFiles/cmTC_7b9cc.dir/CheckSymbolExists.c.o  -o cmTC_7b9cc 
CMakeFiles/cmTC_7b9cc.dir/CheckSymbolExists.c.o：在函数‘main’中：
CheckSymbolExists.c:(.text+0x1b)：对‘pthread_create’未定义的引用
collect2: error: ld returned 1 exit status
CMakeFiles/cmTC_7b9cc.dir/build.make:97: recipe for target 'cmTC_7b9cc' failed
make[1]: *** [cmTC_7b9cc] Error 1
make[1]: 离开目录“/home/jiazhibo/pcl/pcl_rknn/build/CMakeFiles/CMakeTmp”
Makefile:126: recipe for target 'cmTC_7b9cc/fast' failed
make: *** [cmTC_7b9cc/fast] Error 2

File /home/jiazhibo/pcl/pcl_rknn/build/CMakeFiles/CMakeTmp/CheckSymbolExists.c:
/* */
#include <pthread.h>

int main(int argc, char** argv)
{
  (void)argv;
#ifndef pthread_create
  return ((int*)(&pthread_create))[argc];
#else
  (void)argc;
  return 0;
#endif
}

Determining if the function pthread_create exists in the pthreads failed with the following output:
Change Dir: /home/jiazhibo/pcl/pcl_rknn/build/CMakeFiles/CMakeTmp

Run Build Command:"/usr/bin/make" "cmTC_a0b3b/fast"
/usr/bin/make -f CMakeFiles/cmTC_a0b3b.dir/build.make CMakeFiles/cmTC_a0b3b.dir/build
make[1]: 进入目录“/home/jiazhibo/pcl/pcl_rknn/build/CMakeFiles/CMakeTmp”
Building C object CMakeFiles/cmTC_a0b3b.dir/CheckFunctionExists.c.o
/usr/bin/cc   -DCHECK_FUNCTION_EXISTS=pthread_create   -o CMakeFiles/cmTC_a0b3b.dir/CheckFunctionExists.c.o   -c /usr/share/cmake-3.10/Modules/CheckFunctionExists.c
Linking C executable cmTC_a0b3b
/usr/bin/cmake -E cmake_link_script CMakeFiles/cmTC_a0b3b.dir/link.txt --verbose=1
/usr/bin/cc  -DCHECK_FUNCTION_EXISTS=pthread_create    -rdynamic CMakeFiles/cmTC_a0b3b.dir/CheckFunctionExists.c.o  -o cmTC_a0b3b -lpthreads 
/usr/bin/ld: 找不到 -lpthreads
collect2: error: ld returned 1 exit status
CMakeFiles/cmTC_a0b3b.dir/build.make:97: recipe for target 'cmTC_a0b3b' failed
make[1]: *** [cmTC_a0b3b] Error 1
make[1]: 离开目录“/home/jiazhibo/pcl/pcl_rknn/build/CMakeFiles/CMakeTmp”
Makefile:126: recipe for target 'cmTC_a0b3b/fast' failed
make: *** [cmTC_a0b3b/fast] Error 2


