Determining if the pthread_create exist failed with the following output:
Change Dir: /home/jiazhibo/png2pcd/build/CMakeFiles/CMakeTmp

Run Build Command:"/usr/bin/make" "cmTC_b9469/fast"
/usr/bin/make -f CMakeFiles/cmTC_b9469.dir/build.make CMakeFiles/cmTC_b9469.dir/build
make[1]: 进入目录“/home/jiazhibo/png2pcd/build/CMakeFiles/CMakeTmp”
Building C object CMakeFiles/cmTC_b9469.dir/CheckSymbolExists.c.o
/usr/bin/cc    -o CMakeFiles/cmTC_b9469.dir/CheckSymbolExists.c.o   -c /home/jiazhibo/png2pcd/build/CMakeFiles/CMakeTmp/CheckSymbolExists.c
Linking C executable cmTC_b9469
/usr/bin/cmake -E cmake_link_script CMakeFiles/cmTC_b9469.dir/link.txt --verbose=1
/usr/bin/cc      -rdynamic CMakeFiles/cmTC_b9469.dir/CheckSymbolExists.c.o  -o cmTC_b9469 
CMakeFiles/cmTC_b9469.dir/CheckSymbolExists.c.o：在函数‘main’中：
CheckSymbolExists.c:(.text+0x1b)：对‘pthread_create’未定义的引用
collect2: error: ld returned 1 exit status
CMakeFiles/cmTC_b9469.dir/build.make:97: recipe for target 'cmTC_b9469' failed
make[1]: *** [cmTC_b9469] Error 1
make[1]: 离开目录“/home/jiazhibo/png2pcd/build/CMakeFiles/CMakeTmp”
Makefile:126: recipe for target 'cmTC_b9469/fast' failed
make: *** [cmTC_b9469/fast] Error 2

File /home/jiazhibo/png2pcd/build/CMakeFiles/CMakeTmp/CheckSymbolExists.c:
/* */
#include <pthread.h>

int main(int argc, char** argv)
{
  (void)argv;
#ifndef pthread_create
  return ((int*)(&pthread_create))[argc];
#else
  (void)argc;
  return 0;
#endif
}

Determining if the function pthread_create exists in the pthreads failed with the following output:
Change Dir: /home/jiazhibo/png2pcd/build/CMakeFiles/CMakeTmp

Run Build Command:"/usr/bin/make" "cmTC_1315d/fast"
/usr/bin/make -f CMakeFiles/cmTC_1315d.dir/build.make CMakeFiles/cmTC_1315d.dir/build
make[1]: 进入目录“/home/jiazhibo/png2pcd/build/CMakeFiles/CMakeTmp”
Building C object CMakeFiles/cmTC_1315d.dir/CheckFunctionExists.c.o
/usr/bin/cc   -DCHECK_FUNCTION_EXISTS=pthread_create   -o CMakeFiles/cmTC_1315d.dir/CheckFunctionExists.c.o   -c /usr/share/cmake-3.10/Modules/CheckFunctionExists.c
Linking C executable cmTC_1315d
/usr/bin/cmake -E cmake_link_script CMakeFiles/cmTC_1315d.dir/link.txt --verbose=1
/usr/bin/cc  -DCHECK_FUNCTION_EXISTS=pthread_create    -rdynamic CMakeFiles/cmTC_1315d.dir/CheckFunctionExists.c.o  -o cmTC_1315d -lpthreads 
/usr/bin/ld: 找不到 -lpthreads
collect2: error: ld returned 1 exit status
CMakeFiles/cmTC_1315d.dir/build.make:97: recipe for target 'cmTC_1315d' failed
make[1]: *** [cmTC_1315d] Error 1
make[1]: 离开目录“/home/jiazhibo/png2pcd/build/CMakeFiles/CMakeTmp”
Makefile:126: recipe for target 'cmTC_1315d/fast' failed
make: *** [cmTC_1315d/fast] Error 2


